  Animation.cpp
C:\백업\학교 생활\2021 1학년\SFML\SFML\pch.h(3,10): fatal error C1083: 포함 파일을 열 수 없습니다. 'SFML/Graphics.hpp': No such file or directory
  Asset.cpp
C:\백업\학교 생활\2021 1학년\SFML\SFML\pch.h(3,10): fatal error C1083: 포함 파일을 열 수 없습니다. 'SFML/Graphics.hpp': No such file or directory
  Bullet.cpp
C:\백업\학교 생활\2021 1학년\SFML\SFML\pch.h(3,10): fatal error C1083: 포함 파일을 열 수 없습니다. 'SFML/Graphics.hpp': No such file or directory
  EndScene.cpp
C:\백업\학교 생활\2021 1학년\SFML\SFML\pch.h(3,10): fatal error C1083: 포함 파일을 열 수 없습니다. 'SFML/Graphics.hpp': No such file or directory
  Enemy.cpp
C:\백업\학교 생활\2021 1학년\SFML\SFML\pch.h(3,10): fatal error C1083: 포함 파일을 열 수 없습니다. 'SFML/Graphics.hpp': No such file or directory
  Game.cpp
C:\백업\학교 생활\2021 1학년\SFML\SFML\pch.h(3,10): fatal error C1083: 포함 파일을 열 수 없습니다. 'SFML/Graphics.hpp': No such file or directory
  GameObject.cpp
C:\백업\학교 생활\2021 1학년\SFML\SFML\pch.h(3,10): fatal error C1083: 포함 파일을 열 수 없습니다. 'SFML/Graphics.hpp': No such file or directory
  GameSceen.cpp
C:\백업\학교 생활\2021 1학년\SFML\SFML\pch.h(3,10): fatal error C1083: 포함 파일을 열 수 없습니다. 'SFML/Graphics.hpp': No such file or directory
  Input.cpp
C:\백업\학교 생활\2021 1학년\SFML\SFML\pch.h(3,10): fatal error C1083: 포함 파일을 열 수 없습니다. 'SFML/Graphics.hpp': No such file or directory
  main.cpp
C:\백업\학교 생활\2021 1학년\SFML\SFML\pch.h(3,10): fatal error C1083: 포함 파일을 열 수 없습니다. 'SFML/Graphics.hpp': No such file or directory
  pch.cpp
C:\백업\학교 생활\2021 1학년\SFML\SFML\pch.h(3,10): fatal error C1083: 포함 파일을 열 수 없습니다. 'SFML/Graphics.hpp': No such file or directory
  Player.cpp
C:\백업\학교 생활\2021 1학년\SFML\SFML\pch.h(3,10): fatal error C1083: 포함 파일을 열 수 없습니다. 'SFML/Graphics.hpp': No such file or directory
  Scene.cpp
C:\백업\학교 생활\2021 1학년\SFML\SFML\pch.h(3,10): fatal error C1083: 포함 파일을 열 수 없습니다. 'SFML/Graphics.hpp': No such file or directory
  ScrollingBackground.cpp
C:\백업\학교 생활\2021 1학년\SFML\SFML\pch.h(3,10): fatal error C1083: 포함 파일을 열 수 없습니다. 'SFML/Graphics.hpp': No such file or directory
  Sprite.cpp
C:\백업\학교 생활\2021 1학년\SFML\SFML\pch.h(3,10): fatal error C1083: 포함 파일을 열 수 없습니다. 'SFML/Graphics.hpp': No such file or directory
  Unit.cpp
C:\백업\학교 생활\2021 1학년\SFML\SFML\pch.h(3,10): fatal error C1083: 포함 파일을 열 수 없습니다. 'SFML/Graphics.hpp': No such file or directory
  코드를 생성하고 있습니다...
